build/app/outputs/logs/manifest-merger-debug-report.txt
-- Merging decision tree log ---
manifest
ADDED from src\main\AndroidManifest.xml:1:1-33:12
	package
		ADDED from src\main\AndroidManifest.xml:2:5-37
		INJECTED from src\main\AndroidManifest.xml
		INJECTED from src\main\AndroidManifest.xml
	android:versionName
		ADDED from src\main\AndroidManifest.xml:4:5-32
		INJECTED from src\main\AndroidManifest.xml
		INJECTED from src\main\AndroidManifest.xml
	android:versionCode
		ADDED from src\main\AndroidManifest.xml:3:5-28
		INJECTED from src\main\AndroidManifest.xml
		INJECTED from src\main\AndroidManifest.xml
	xmlns:android
		ADDED from src\main\AndroidManifest.xml:1:11-69
uses-sdk
ADDED from src\main\AndroidManifest.xml:6:5-74
	android:targetSdkVersion
		ADDED from src\main\AndroidManifest.xml:6:42-71
	android:minSdkVersion
		ADDED from src\main\AndroidManifest.xml:6:15-41
uses-permission#android.permission.INTERNET
ADDED from src\main\AndroidManifest.xml:12:5-66
	android:name
		ADDED from src\main\AndroidManifest.xml:12:22-64
uses-permission#android.permission.RECORD_AUDIO
ADDED from src\main\AndroidManifest.xml:13:5-71
	android:name
		ADDED from src\main\AndroidManifest.xml:13:22-68
application
ADDED from src\main\AndroidManifest.xml:20:5-32:19
	android:label
		ADDED from src\main\AndroidManifest.xml:20:67-103
	android:icon
		ADDED from src\main\AndroidManifest.xml:20:104-138
	android:name
		ADDED from src\main\AndroidManifest.xml:20:18-66
activity#bz.rxla.flutter.sytody.MainActivity
ADDED from src\main\AndroidManifest.xml:21:9-31:20
	android:hardwareAccelerated
		ADDED from src\main\AndroidManifest.xml:25:19-53
	android:launchMode
		ADDED from src\main\AndroidManifest.xml:22:19-49
	android:windowSoftInputMode
		ADDED from src\main\AndroidManifest.xml:26:19-61
	android:configChanges
		ADDED from src\main\AndroidManifest.xml:24:19-112
	android:theme
		ADDED from src\main\AndroidManifest.xml:23:19-72
	android:name
		ADDED from src\main\AndroidManifest.xml:21:19-47
intent-filter#android.intent.action.MAIN+android.intent.category.LAUNCHER
ADDED from src\main\AndroidManifest.xml:27:13-30:29
action#android.intent.action.MAIN
ADDED from src\main\AndroidManifest.xml:28:17-68
	android:name
		ADDED from src\main\AndroidManifest.xml:28:25-66
category#android.intent.category.LAUNCHER
ADDED from src\main\AndroidManifest.xml:29:17-76
	android:name
		ADDED from src\main\AndroidManifest.xml:29:27-74